<?xml version="1.0" encoding="UTF-8"?>
<!-- Generated by org.testng.reporters.JUnitXMLReporter -->
<testsuite ignored="0" hostname="ASHWIN" failures="0" tests="4" name="Default test" time="32.977" errors="0" timestamp="2023-09-05T10:43:56 IST">
  <testcase classname="com.medopract.testscript.LoginTest002" name="login" time="4.983"/>
  <testcase classname="com.medopract.testscript.LoginTest002" name="login" time="4.443"/>
  <testcase classname="com.medopract.testscript.LoginTest002" name="login" time="4.389"/>
  <testcase classname="com.medopract.testscript.LoginTest002" name="login" time="4.328"/>
</testsuite> <!-- Default test -->
